<?xml version="1.0" encoding="UTF-8"?>
<!-- Generated by org.testng.reporters.JUnitReportReporter -->
<testsuite hostname="NO-002-QA" failures="0" tests="1" name="com.younited.qa.testcases.AssignmentsPageAdminTest" time="308.760" errors="0" timestamp="2024-03-29T17:57:31 IST" skipped="0">
  <testcase classname="com.younited.qa.testcases.AssignmentsPageAdminTest" name="assignmentsPage" time="308.760"/>
  <system-out/>
</testsuite> <!-- com.younited.qa.testcases.AssignmentsPageAdminTest -->
