<?xml version="1.0" encoding="UTF-8"?>
<!-- Generated by org.testng.reporters.JUnitReportReporter -->
<testsuite hostname="NO-002-QA" failures="0" tests="1" name="com.younited.qa.testcases.UlogoMyassignmentsPageTest" time="105.394" errors="0" timestamp="2023-10-30T14:07:57 IST" skipped="0">
  <testcase classname="com.younited.qa.testcases.UlogoMyassignmentsPageTest" name="UlogoMyassignmentsPage" time="105.394"/>
  <system-out/>
</testsuite> <!-- com.younited.qa.testcases.UlogoMyassignmentsPageTest -->
