<?xml version="1.0" encoding="UTF-8"?>
<!-- Generated by org.testng.reporters.JUnitReportReporter -->
<testsuite hostname="NO-002-QA" failures="0" tests="1" name="com.younited.qa.testcases.MatchPageTest" time="107.342" errors="0" timestamp="2024-03-20T17:58:12 IST" skipped="0">
  <testcase classname="com.younited.qa.testcases.MatchPageTest" name="matchPage" time="107.342"/>
  <system-out/>
</testsuite> <!-- com.younited.qa.testcases.MatchPageTest -->
