<?xml version="1.0" encoding="UTF-8"?>
<!-- Generated by org.testng.reporters.JUnitReportReporter -->
<testsuite hostname="NO-002-QA" failures="0" tests="1" name="com.younited.qa.testcases.UlogoMyreactionsPageTest" time="77.375" errors="0" timestamp="2023-12-07T14:41:37 IST" skipped="0">
  <testcase classname="com.younited.qa.testcases.UlogoMyreactionsPageTest" name="uLogoMyreactionsPageTest" time="77.375"/>
  <system-out/>
</testsuite> <!-- com.younited.qa.testcases.UlogoMyreactionsPageTest -->
