<?xml version="1.0" encoding="UTF-8"?>
<!-- Generated by org.testng.reporters.JUnitReportReporter -->
<testsuite hostname="NO-002-QA" failures="0" tests="3" name="com.younited.qa.testcases.HomePageTest" time="102.216" errors="0" timestamp="2024-04-03T18:22:14 IST" skipped="0">
  <testcase classname="com.younited.qa.testcases.HomePageTest" name="homePageTitleTest" time="31.762"/>
  <system-out/>
  <testcase classname="com.younited.qa.testcases.HomePageTest" name="verifyImageLogoTest" time="33.142"/>
  <system-out/>
  <testcase classname="com.younited.qa.testcases.HomePageTest" name="myAssignmentsPage" time="37.312"/>
  <system-out/>
</testsuite> <!-- com.younited.qa.testcases.HomePageTest -->
