<?xml version="1.0" encoding="UTF-8"?>
<!-- Generated by org.testng.reporters.JUnitReportReporter -->
<testsuite hostname="NO-002-QA" failures="0" tests="1" name="com.younited.qa.testcases.MatchPageTest" time="314.674" errors="0" timestamp="2024-04-08T16:41:17 IST" skipped="0">
  <testcase classname="com.younited.qa.testcases.MatchPageTest" name="matchPage" time="314.674"/>
  <system-out/>
</testsuite> <!-- com.younited.qa.testcases.MatchPageTest -->
