<?xml version="1.0" encoding="UTF-8"?>
<!-- Generated by org.testng.reporters.JUnitReportReporter -->
<testsuite hostname="NO-002-QA" failures="0" tests="1" name="com.younited.qa.testcases.UlogoDasPlatformPageTest" time="76.109" errors="0" timestamp="2024-01-03T18:14:24 IST" skipped="0">
  <testcase classname="com.younited.qa.testcases.UlogoDasPlatformPageTest" name="uLogoDasPlatformPage" time="76.109"/>
  <system-out/>
</testsuite> <!-- com.younited.qa.testcases.UlogoDasPlatformPageTest -->
