<?xml version="1.0" encoding="UTF-8"?>
<!-- Generated by org.testng.reporters.JUnitReportReporter -->
<testsuite hostname="NO-002-QA" failures="0" tests="1" name="com.younited.qa.testcases.UlogoStoreProductGroupsPageTest" time="20.766" errors="0" timestamp="2024-12-09T15:49:30 IST" skipped="0">
  <testcase classname="com.younited.qa.testcases.UlogoStoreProductGroupsPageTest" name="test" time="20.766"/>
  <system-out/>
</testsuite> <!-- com.younited.qa.testcases.UlogoStoreProductGroupsPageTest -->
