<?xml version="1.0" encoding="UTF-8"?>
<!-- Generated by org.testng.reporters.JUnitReportReporter -->
<testsuite hostname="NO-002-QA" failures="0" tests="1" name="com.younited.qa.testcases.UlogoNativeAssignmentsPageTest" time="168.679" errors="0" timestamp="2024-01-23T16:14:20 IST" skipped="0">
  <testcase classname="com.younited.qa.testcases.UlogoNativeAssignmentsPageTest" name="UlogoNativeAssignmentsPage" time="168.679"/>
  <system-out/>
</testsuite> <!-- com.younited.qa.testcases.UlogoNativeAssignmentsPageTest -->
