<?xml version="1.0" encoding="UTF-8"?>
<!-- Generated by org.testng.reporters.JUnitReportReporter -->
<testsuite hostname="NO-002-QA" failures="0" tests="1" name="com.younited.qa.testcases.ManageProfilePageTest" time="105.778" errors="0" timestamp="2024-09-04T18:00:01 IST" skipped="0">
  <testcase classname="com.younited.qa.testcases.ManageProfilePageTest" name="test" time="105.778"/>
  <system-out/>
</testsuite> <!-- com.younited.qa.testcases.ManageProfilePageTest -->
