<?xml version="1.0" encoding="UTF-8"?>
<!-- Generated by org.testng.reporters.JUnitReportReporter -->
<testsuite hostname="NO-002-QA" failures="0" tests="1" name="com.younited.qa.testcases.MyNetworkPageFreeTest" time="167.803" errors="0" timestamp="2024-08-29T19:35:52 IST" skipped="0">
  <testcase classname="com.younited.qa.testcases.MyNetworkPageFreeTest" name="myNetworkPageFreeTest" time="167.803"/>
  <system-out/>
</testsuite> <!-- com.younited.qa.testcases.MyNetworkPageFreeTest -->
