<?xml version="1.0" encoding="UTF-8"?>
<!-- Generated by org.testng.reporters.JUnitReportReporter -->
<testsuite hostname="NO-002-QA" failures="0" tests="1" name="com.younited.qa.testcases.DeleteUserRequestFlowTest" time="265.086" errors="0" timestamp="2024-09-04T17:33:23 IST" skipped="0">
  <testcase classname="com.younited.qa.testcases.DeleteUserRequestFlowTest" name="test" time="265.086"/>
  <system-out/>
</testsuite> <!-- com.younited.qa.testcases.DeleteUserRequestFlowTest -->
