<?xml version="1.0" encoding="UTF-8"?>
<!-- Generated by org.testng.reporters.JUnitReportReporter -->
<testsuite hostname="NO-002-QA" failures="0" tests="1" name="com.younited.qa.testcases.AssignmentsPageAdminTest" time="56.213" errors="0" timestamp="2024-05-24T14:29:05 IST" skipped="0">
  <testcase classname="com.younited.qa.testcases.AssignmentsPageAdminTest" name="assignmentsPage" time="56.213"/>
  <system-out/>
</testsuite> <!-- com.younited.qa.testcases.AssignmentsPageAdminTest -->
