<?xml version="1.0" encoding="UTF-8"?>
<!-- Generated by org.testng.reporters.JUnitReportReporter -->
<testsuite hostname="NO-002-QA" failures="0" tests="1" name="com.younited.qa.testcases.UlogoDasPlatformPageTest" time="77.942" errors="0" timestamp="2023-12-22T14:18:35 IST" skipped="0">
  <testcase classname="com.younited.qa.testcases.UlogoDasPlatformPageTest" name="uLogoDasPlatformPage" time="77.942"/>
  <system-out/>
</testsuite> <!-- com.younited.qa.testcases.UlogoDasPlatformPageTest -->
