<?xml version="1.0" encoding="UTF-8"?>
<!-- Generated by org.testng.reporters.JUnitReportReporter -->
<testsuite hostname="NO-002-QA" failures="0" tests="2" name="com.younited.qa.testcases.HomePageTest" time="97.809" errors="0" timestamp="2024-08-20T16:20:34 IST" skipped="0">
  <testcase classname="com.younited.qa.testcases.HomePageTest" name="homePageTitleTest" time="44.126"/>
  <system-out/>
  <testcase classname="com.younited.qa.testcases.HomePageTest" name="myAssignmentsPage" time="53.683"/>
  <system-out/>
</testsuite> <!-- com.younited.qa.testcases.HomePageTest -->
