<?xml version="1.0" encoding="UTF-8"?>
<!-- Generated by org.testng.reporters.JUnitReportReporter -->
<testsuite hostname="NO-002-QA" failures="0" tests="1" name="com.younited.qa.testcases.UlogoEventsPageTest" time="99.481" errors="0" timestamp="2024-07-10T16:44:50 IST" skipped="0">
  <testcase classname="com.younited.qa.testcases.UlogoEventsPageTest" name="test" time="99.481"/>
  <system-out/>
</testsuite> <!-- com.younited.qa.testcases.UlogoEventsPageTest -->
