<?xml version="1.0" encoding="UTF-8"?>
<!-- Generated by org.testng.reporters.JUnitReportReporter -->
<testsuite hostname="NO-002-QA" failures="0" tests="1" name="com.younited.qa.testcases.UlogoMyassignmentsPageTest" time="104.941" errors="0" timestamp="2024-01-17T16:33:25 IST" skipped="0">
  <testcase classname="com.younited.qa.testcases.UlogoMyassignmentsPageTest" name="UlogoMyassignmentsPage" time="104.941"/>
  <system-out/>
</testsuite> <!-- com.younited.qa.testcases.UlogoMyassignmentsPageTest -->
