<?xml version="1.0" encoding="UTF-8"?>
<!-- Generated by org.testng.reporters.JUnitReportReporter -->
<testsuite hostname="NO-002-QA" failures="0" tests="1" name="com.younited.qa.testcases.DashboardPageFreeTest" time="40.361" errors="0" timestamp="2024-08-07T19:35:50 IST" skipped="0">
  <testcase classname="com.younited.qa.testcases.DashboardPageFreeTest" name="test" time="40.361"/>
  <system-out/>
</testsuite> <!-- com.younited.qa.testcases.DashboardPageFreeTest -->
