<?xml version="1.0" encoding="UTF-8"?>
<!-- Generated by org.testng.reporters.JUnitReportReporter -->
<testsuite hostname="NO-002-QA" failures="0" tests="1" name="com.younited.qa.testcases.UlogoAllcompaniesPageTest" time="167.950" errors="0" timestamp="2024-01-18T18:26:56 IST" skipped="0">
  <testcase classname="com.younited.qa.testcases.UlogoAllcompaniesPageTest" name="UlogoAllcompaniesPage" time="167.950"/>
  <system-out/>
</testsuite> <!-- com.younited.qa.testcases.UlogoAllcompaniesPageTest -->
