<?xml version="1.0" encoding="UTF-8"?>
<!-- Generated by org.testng.reporters.JUnitReportReporter -->
<testsuite hostname="NO-002-QA" failures="0" tests="1" name="com.younited.qa.testcases.UlogoDasCompaniesPageTest" time="95.552" errors="0" timestamp="2024-07-30T17:51:25 IST" skipped="0">
  <testcase classname="com.younited.qa.testcases.UlogoDasCompaniesPageTest" name="UlogoDasCompaniesPage" time="95.552"/>
  <system-out/>
</testsuite> <!-- com.younited.qa.testcases.UlogoDasCompaniesPageTest -->
