<?xml version="1.0" encoding="UTF-8"?>
<!-- Generated by org.testng.reporters.JUnitReportReporter -->
<testsuite hostname="NO-002-QA" failures="0" tests="1" name="com.younited.qa.testcases.MatchPageAdminTest" time="307.168" errors="0" timestamp="2024-07-08T17:22:17 IST" skipped="0">
  <testcase classname="com.younited.qa.testcases.MatchPageAdminTest" name="match" time="307.168"/>
  <system-out/>
</testsuite> <!-- com.younited.qa.testcases.MatchPageAdminTest -->
