<?xml version="1.0" encoding="UTF-8"?>
<!-- Generated by org.testng.reporters.JUnitReportReporter -->
<testsuite hostname="NO-002-QA" failures="0" tests="1" name="com.younited.qa.testcases.UlogoDasGroupsPageTest" time="74.300" errors="0" timestamp="2023-12-29T13:05:04 IST" skipped="0">
  <testcase classname="com.younited.qa.testcases.UlogoDasGroupsPageTest" name="UlogoDasGroupPage" time="74.300"/>
  <system-out/>
</testsuite> <!-- com.younited.qa.testcases.UlogoDasGroupsPageTest -->
