<?xml version="1.0" encoding="UTF-8"?>
<!-- Generated by org.testng.reporters.JUnitReportReporter -->
<testsuite hostname="NO-002-QA" failures="0" tests="1" name="com.younited.qa.testcases.UlogoDasPlatformPageTest" time="94.809" errors="0" timestamp="2023-12-27T12:34:10 IST" skipped="0">
  <testcase classname="com.younited.qa.testcases.UlogoDasPlatformPageTest" name="uLogoDasPlatformPage" time="94.809"/>
  <system-out/>
</testsuite> <!-- com.younited.qa.testcases.UlogoDasPlatformPageTest -->
