<?xml version="1.0" encoding="UTF-8"?>
<!-- Generated by org.testng.reporters.JUnitReportReporter -->
<testsuite hostname="NO-002-QA" failures="0" tests="1" name="com.younited.qa.testcases.UlogoIntermediaryPageTest" time="84.126" errors="0" timestamp="2024-09-05T11:52:44 IST" skipped="0">
  <testcase classname="com.younited.qa.testcases.UlogoIntermediaryPageTest" name="test" time="84.126"/>
  <system-out/>
</testsuite> <!-- com.younited.qa.testcases.UlogoIntermediaryPageTest -->
