<?xml version="1.0" encoding="UTF-8"?>
<!-- Generated by org.testng.reporters.JUnitReportReporter -->
<testsuite hostname="NO-002-QA" failures="0" tests="1" name="com.younited.qa.testcases.UlogoMycompanyPageTest" time="106.888" errors="0" timestamp="2025-01-08T17:06:49 IST" skipped="0">
  <testcase classname="com.younited.qa.testcases.UlogoMycompanyPageTest" name="uLogoMycompanyPage" time="106.888"/>
  <system-out/>
</testsuite> <!-- com.younited.qa.testcases.UlogoMycompanyPageTest -->
