<?xml version="1.0" encoding="UTF-8"?>
<!-- Generated by org.testng.reporters.JUnitReportReporter -->
<testsuite hostname="NO-002-QA" failures="0" tests="1" name="com.younited.qa.testcases.UlogoEventsPageTest" time="93.778" errors="0" timestamp="2024-07-30T13:02:34 IST" skipped="0">
  <testcase classname="com.younited.qa.testcases.UlogoEventsPageTest" name="test" time="93.778"/>
  <system-out/>
</testsuite> <!-- com.younited.qa.testcases.UlogoEventsPageTest -->
