<?xml version="1.0" encoding="UTF-8"?>
<!-- Generated by org.testng.reporters.JUnitReportReporter -->
<testsuite hostname="NO-002-QA" failures="0" tests="1" name="com.younited.qa.testcases.UlogoProfilestatisticsPageTest" time="112.214" errors="0" timestamp="2025-01-06T14:45:25 IST" skipped="0">
  <testcase classname="com.younited.qa.testcases.UlogoProfilestatisticsPageTest" name="UlogoProfilestatisticsPage" time="112.214"/>
  <system-out/>
</testsuite> <!-- com.younited.qa.testcases.UlogoProfilestatisticsPageTest -->
