<?xml version="1.0" encoding="UTF-8"?>
<!-- Generated by org.testng.reporters.JUnitReportReporter -->
<testsuite hostname="NO-002-QA" failures="0" tests="1" name="com.younited.qa.testcases.MatchPageTest" time="333.580" errors="0" timestamp="2024-02-16T15:58:19 IST" skipped="0">
  <testcase classname="com.younited.qa.testcases.MatchPageTest" name="matchPage" time="333.580"/>
  <system-out/>
</testsuite> <!-- com.younited.qa.testcases.MatchPageTest -->
