<?xml version="1.0" encoding="UTF-8"?>
<!-- Generated by org.testng.reporters.JUnitReportReporter -->
<testsuite hostname="NO-002-QA" failures="0" tests="1" name="com.younited.qa.testcases.LeadsPageAdminTest" time="128.857" errors="0" timestamp="2024-10-28T17:27:49 IST" skipped="0">
  <testcase classname="com.younited.qa.testcases.LeadsPageAdminTest" name="test" time="128.857"/>
  <system-out/>
</testsuite> <!-- com.younited.qa.testcases.LeadsPageAdminTest -->
