<?xml version="1.0" encoding="UTF-8"?>
<!-- Generated by org.testng.reporters.JUnitReportReporter -->
<testsuite hostname="NO-002-QA" failures="0" tests="1" name="com.younited.qa.testcases.LeadsAssignmentPageAdminTest" time="69.552" errors="0" timestamp="2024-12-16T19:43:14 IST" skipped="0">
  <testcase classname="com.younited.qa.testcases.LeadsAssignmentPageAdminTest" name="test" time="69.552"/>
  <system-out/>
</testsuite> <!-- com.younited.qa.testcases.LeadsAssignmentPageAdminTest -->
