<?xml version="1.0" encoding="UTF-8"?>
<!-- Generated by org.testng.reporters.JUnitReportReporter -->
<testsuite hostname="NO-002-QA" failures="0" tests="1" name="com.younited.qa.testcases.MatchPageTest" time="225.371" errors="0" timestamp="2024-08-07T19:50:11 IST" skipped="0">
  <testcase classname="com.younited.qa.testcases.MatchPageTest" name="matchPage" time="225.371"/>
  <system-out/>
</testsuite> <!-- com.younited.qa.testcases.MatchPageTest -->
