<?xml version="1.0" encoding="UTF-8"?>
<!-- Generated by org.testng.reporters.JUnitReportReporter -->
<testsuite hostname="NO-002-QA" failures="0" tests="1" name="com.younited.qa.testcases.UlogoMycompanyPageTest" time="84.869" errors="0" timestamp="2023-12-06T17:30:06 IST" skipped="0">
  <testcase classname="com.younited.qa.testcases.UlogoMycompanyPageTest" name="uLogoMycompanyPage" time="84.869"/>
  <system-out/>
</testsuite> <!-- com.younited.qa.testcases.UlogoMycompanyPageTest -->
