<?xml version="1.0" encoding="UTF-8"?>
<!-- Generated by org.testng.reporters.JUnitReportReporter -->
<testsuite hostname="NO-002-QA" failures="0" tests="1" name="com.younited.qa.testcases.UlogoIntAddNewUserPageTest" time="141.025" errors="0" timestamp="2024-12-04T20:39:59 IST" skipped="0">
  <testcase classname="com.younited.qa.testcases.UlogoIntAddNewUserPageTest" name="test" time="141.025"/>
  <system-out/>
</testsuite> <!-- com.younited.qa.testcases.UlogoIntAddNewUserPageTest -->
