<?xml version="1.0" encoding="UTF-8"?>
<!-- Generated by org.testng.reporters.JUnitReportReporter -->
<testsuite hostname="NO-002-QA" failures="0" tests="1" name="com.younited.qa.testcases.MyNetworkPageFreeTest" time="168.370" errors="0" timestamp="2024-07-30T19:00:49 IST" skipped="0">
  <testcase classname="com.younited.qa.testcases.MyNetworkPageFreeTest" name="myNetworkPageFreeTest" time="168.370"/>
  <system-out/>
</testsuite> <!-- com.younited.qa.testcases.MyNetworkPageFreeTest -->
