<?xml version="1.0" encoding="UTF-8"?>
<!-- Generated by org.testng.reporters.JUnitReportReporter -->
<testsuite hostname="NO-002-QA" failures="0" tests="1" name="com.younited.qa.testcases.UlogoIntermediaryPageTest" time="96.639" errors="0" timestamp="2024-09-19T14:17:10 IST" skipped="0">
  <testcase classname="com.younited.qa.testcases.UlogoIntermediaryPageTest" name="test" time="96.639"/>
  <system-out/>
</testsuite> <!-- com.younited.qa.testcases.UlogoIntermediaryPageTest -->
