<?xml version="1.0" encoding="UTF-8"?>
<!-- Generated by org.testng.reporters.JUnitReportReporter -->
<testsuite hostname="NO-002-QA" failures="0" tests="1" name="com.younited.qa.testcases.CommunityPageAdminTest" time="143.144" errors="0" timestamp="2024-03-20T14:53:37 IST" skipped="0">
  <testcase classname="com.younited.qa.testcases.CommunityPageAdminTest" name="community" time="143.144"/>
  <system-out/>
</testsuite> <!-- com.younited.qa.testcases.CommunityPageAdminTest -->
