<?xml version="1.0" encoding="UTF-8"?>
<!-- Generated by org.testng.reporters.JUnitReportReporter -->
<testsuite hostname="NO-002-QA" failures="0" tests="1" name="com.younited.qa.testcases.LeadsAssignmentPageAdminTest" time="52.182" errors="0" timestamp="2024-09-03T19:39:28 IST" skipped="0">
  <testcase classname="com.younited.qa.testcases.LeadsAssignmentPageAdminTest" name="test" time="52.182"/>
  <system-out/>
</testsuite> <!-- com.younited.qa.testcases.LeadsAssignmentPageAdminTest -->
