<?xml version="1.0" encoding="UTF-8"?>
<!-- Generated by org.testng.reporters.JUnitReportReporter -->
<testsuite hostname="NO-002-QA" failures="0" tests="1" name="com.younited.qa.testcases.UlogoDasGroupsPageTest" time="83.360" errors="0" timestamp="2024-07-01T15:44:33 IST" skipped="0">
  <testcase classname="com.younited.qa.testcases.UlogoDasGroupsPageTest" name="UlogoDasGroupPage" time="83.360"/>
  <system-out/>
</testsuite> <!-- com.younited.qa.testcases.UlogoDasGroupsPageTest -->
