<?xml version="1.0" encoding="UTF-8"?>
<!-- Generated by org.testng.reporters.JUnitReportReporter -->
<testsuite hostname="NO-002-QA" failures="0" tests="1" name="com.younited.qa.testcases.UlogoMyprofilePageTest" time="331.911" errors="0" timestamp="2023-11-20T19:08:17 IST" skipped="0">
  <testcase classname="com.younited.qa.testcases.UlogoMyprofilePageTest" name="UlogoMyProfilePage" time="331.911"/>
  <system-out/>
</testsuite> <!-- com.younited.qa.testcases.UlogoMyprofilePageTest -->
