<?xml version="1.0" encoding="UTF-8"?>
<!-- Generated by org.testng.reporters.JUnitReportReporter -->
<testsuite hostname="NO-002-QA" failures="0" tests="1" name="com.younited.qa.testcases.StorePageFreeTest" time="141.320" errors="0" timestamp="2024-04-12T15:43:36 IST" skipped="0">
  <testcase classname="com.younited.qa.testcases.StorePageFreeTest" name="clickStoreTab" time="141.320"/>
  <system-out/>
</testsuite> <!-- com.younited.qa.testcases.StorePageFreeTest -->
