<?xml version="1.0" encoding="UTF-8"?>
<!-- Generated by org.testng.reporters.JUnitReportReporter -->
<testsuite hostname="NO-002-QA" failures="0" tests="1" name="com.younited.qa.testcases.ManageProfilePageFreeTest" time="313.676" errors="0" timestamp="2024-05-13T15:32:50 IST" skipped="0">
  <testcase classname="com.younited.qa.testcases.ManageProfilePageFreeTest" name="test" time="313.676"/>
  <system-out/>
</testsuite> <!-- com.younited.qa.testcases.ManageProfilePageFreeTest -->
