<?xml version="1.0" encoding="UTF-8"?>
<!-- Generated by org.testng.reporters.JUnitReportReporter -->
<testsuite hostname="NO-002-QA" failures="0" tests="1" name="com.younited.qa.testcases.LeadsPageAdminTest" time="125.759" errors="0" timestamp="2024-11-11T12:03:56 IST" skipped="0">
  <testcase classname="com.younited.qa.testcases.LeadsPageAdminTest" name="test" time="125.759"/>
  <system-out/>
</testsuite> <!-- com.younited.qa.testcases.LeadsPageAdminTest -->
