<?xml version="1.0" encoding="UTF-8"?>
<!-- Generated by org.testng.reporters.JUnitReportReporter -->
<testsuite hostname="NO-002-QA" failures="0" tests="1" name="com.younited.qa.testcases.UlogoIntAddNewUserPageTest" time="140.666" errors="0" timestamp="2024-09-17T15:40:04 IST" skipped="0">
  <testcase classname="com.younited.qa.testcases.UlogoIntAddNewUserPageTest" name="test" time="140.666"/>
  <system-out/>
</testsuite> <!-- com.younited.qa.testcases.UlogoIntAddNewUserPageTest -->
