<?xml version="1.0" encoding="UTF-8"?>
<!-- Generated by org.testng.reporters.JUnitReportReporter -->
<testsuite hostname="NO-002-QA" failures="0" tests="3" name="com.younited.qa.testcases.LoginPageTest" time="66.070" errors="0" timestamp="2024-06-27T19:27:53 IST" skipped="0">
  <testcase classname="com.younited.qa.testcases.LoginPageTest" name="loginPageTitleTest" time="17.764"/>
  <system-out/>
  <testcase classname="com.younited.qa.testcases.LoginPageTest" name="imageLogoTest" time="25.425"/>
  <system-out/>
  <testcase classname="com.younited.qa.testcases.LoginPageTest" name="loginTest" time="22.881"/>
  <system-out/>
</testsuite> <!-- com.younited.qa.testcases.LoginPageTest -->
