<?xml version="1.0" encoding="UTF-8"?>
<!-- Generated by org.testng.reporters.JUnitReportReporter -->
<testsuite hostname="NO-002-QA" failures="0" tests="1" name="com.younited.qa.testcases.MyAssignmentsPageTest" time="120.403" errors="0" timestamp="2024-02-06T16:09:40 IST" skipped="0">
  <testcase classname="com.younited.qa.testcases.MyAssignmentsPageTest" name="myAssignmentsPageTest" time="120.403"/>
  <system-out/>
</testsuite> <!-- com.younited.qa.testcases.MyAssignmentsPageTest -->
