<?xml version="1.0" encoding="UTF-8"?>
<!-- Generated by org.testng.reporters.JUnitReportReporter -->
<testsuite hostname="NO-002-QA" failures="0" tests="1" name="com.younited.qa.testcases.MatchPageAdminTest" time="339.953" errors="0" timestamp="2024-03-21T12:32:47 IST" skipped="0">
  <testcase classname="com.younited.qa.testcases.MatchPageAdminTest" name="match" time="339.953"/>
  <system-out/>
</testsuite> <!-- com.younited.qa.testcases.MatchPageAdminTest -->
