<?xml version="1.0" encoding="UTF-8"?>
<!-- Generated by org.testng.reporters.JUnitReportReporter -->
<testsuite hostname="NO-002-QA" failures="0" tests="1" name="com.younited.qa.testcases.HomePageAdminTest" time="48.677" errors="0" timestamp="2024-02-06T20:05:33 IST" skipped="0">
  <testcase classname="com.younited.qa.testcases.HomePageAdminTest" name="test" time="48.677"/>
  <system-out/>
</testsuite> <!-- com.younited.qa.testcases.HomePageAdminTest -->
