<?xml version="1.0" encoding="UTF-8"?>
<!-- Generated by org.testng.reporters.JUnitReportReporter -->
<testsuite hostname="NO-002-QA" failures="0" tests="1" name="com.younited.qa.testcases.MycompanyPageFreeTest" time="57.811" errors="0" timestamp="2024-12-13T16:54:48 IST" skipped="0">
  <testcase classname="com.younited.qa.testcases.MycompanyPageFreeTest" name="myCompanyPageFreeTest" time="57.811"/>
  <system-out/>
</testsuite> <!-- com.younited.qa.testcases.MycompanyPageFreeTest -->
