<?xml version="1.0" encoding="UTF-8"?>
<!-- Generated by org.testng.reporters.JUnitReportReporter -->
<testsuite hostname="NO-002-QA" failures="0" tests="1" name="com.younited.qa.testcases.EntrepreneursPageFreeTest" time="163.558" errors="0" timestamp="2024-12-13T16:11:06 IST" skipped="0">
  <testcase classname="com.younited.qa.testcases.EntrepreneursPageFreeTest" name="entrepreneurPageFilter" time="163.558"/>
  <system-out/>
</testsuite> <!-- com.younited.qa.testcases.EntrepreneursPageFreeTest -->
