<?xml version="1.0" encoding="UTF-8"?>
<!-- Generated by org.testng.reporters.JUnitReportReporter -->
<testsuite hostname="NO-002-QA" failures="0" tests="1" name="com.younited.qa.testcases.CommunityPageAdminTest" time="173.056" errors="0" timestamp="2024-08-06T13:52:24 IST" skipped="0">
  <testcase classname="com.younited.qa.testcases.CommunityPageAdminTest" name="community" time="173.056"/>
  <system-out/>
</testsuite> <!-- com.younited.qa.testcases.CommunityPageAdminTest -->
