<?xml version="1.0" encoding="UTF-8"?>
<!-- Generated by org.testng.reporters.JUnitReportReporter -->
<testsuite hostname="NO-002-QA" failures="0" tests="1" name="com.younited.qa.testcases.AssignmentsPageFreeTest" time="337.598" errors="0" timestamp="2024-04-05T12:10:28 IST" skipped="0">
  <testcase classname="com.younited.qa.testcases.AssignmentsPageFreeTest" name="clickFiltersTest" time="337.598"/>
  <system-out/>
</testsuite> <!-- com.younited.qa.testcases.AssignmentsPageFreeTest -->
