<?xml version="1.0" encoding="UTF-8"?>
<!-- Generated by org.testng.reporters.JUnitReportReporter -->
<testsuite hostname="NO-002-QA" failures="0" tests="1" name="com.younited.qa.testcases.UlogoIntAddNewCompanyPageTest" time="151.460" errors="0" timestamp="2024-09-17T15:37:01 IST" skipped="0">
  <testcase classname="com.younited.qa.testcases.UlogoIntAddNewCompanyPageTest" name="test" time="151.460"/>
  <system-out/>
</testsuite> <!-- com.younited.qa.testcases.UlogoIntAddNewCompanyPageTest -->
