<?xml version="1.0" encoding="UTF-8"?>
<!-- Generated by org.testng.reporters.JUnitReportReporter -->
<testsuite hostname="NO-002-QA" failures="0" tests="1" name="com.younited.qa.testcases.ManageProfilePageFreeTest" time="341.177" errors="0" timestamp="2024-06-18T15:13:23 IST" skipped="0">
  <testcase classname="com.younited.qa.testcases.ManageProfilePageFreeTest" name="test" time="341.177"/>
  <system-out/>
</testsuite> <!-- com.younited.qa.testcases.ManageProfilePageFreeTest -->
