<?xml version="1.0" encoding="UTF-8"?>
<!-- Generated by org.testng.reporters.JUnitReportReporter -->
<testsuite hostname="NO-002-QA" failures="0" tests="1" name="com.younited.qa.testcases.AssignmentsPageAdminTest" time="309.689" errors="0" timestamp="2024-03-27T13:00:59 IST" skipped="0">
  <testcase classname="com.younited.qa.testcases.AssignmentsPageAdminTest" name="assignmentsPage" time="309.689"/>
  <system-out/>
</testsuite> <!-- com.younited.qa.testcases.AssignmentsPageAdminTest -->
