<?xml version="1.0" encoding="UTF-8"?>
<!-- Generated by org.testng.reporters.JUnitReportReporter -->
<testsuite hostname="NO-002-QA" failures="0" tests="1" name="com.younited.qa.testcases.UlogoMydashboardPageTest" time="51.959" errors="0" timestamp="2024-03-22T13:05:50 IST" skipped="0">
  <testcase classname="com.younited.qa.testcases.UlogoMydashboardPageTest" name="myDashboard" time="51.959"/>
  <system-out/>
</testsuite> <!-- com.younited.qa.testcases.UlogoMydashboardPageTest -->
