<?xml version="1.0" encoding="UTF-8"?>
<!-- Generated by org.testng.reporters.JUnitReportReporter -->
<testsuite hostname="NO-002-QA" failures="0" tests="1" name="com.younited.qa.testcases.MyNetworkPageFreeTest" time="118.224" errors="0" timestamp="2024-02-19T17:20:45 IST" skipped="0">
  <testcase classname="com.younited.qa.testcases.MyNetworkPageFreeTest" name="myNetworkPageFreeTest" time="118.224"/>
  <system-out/>
</testsuite> <!-- com.younited.qa.testcases.MyNetworkPageFreeTest -->
