<?xml version="1.0" encoding="UTF-8"?>
<!-- Generated by org.testng.reporters.JUnitReportReporter -->
<testsuite hostname="NO-002-QA" failures="0" tests="1" name="com.younited.qa.testcases.UlogoMycompanyPageTest" time="100.461" errors="0" timestamp="2024-05-30T14:38:59 IST" skipped="0">
  <testcase classname="com.younited.qa.testcases.UlogoMycompanyPageTest" name="uLogoMycompanyPage" time="100.461"/>
  <system-out/>
</testsuite> <!-- com.younited.qa.testcases.UlogoMycompanyPageTest -->
