<?xml version="1.0" encoding="UTF-8"?>
<!-- Generated by org.testng.reporters.JUnitReportReporter -->
<testsuite hostname="NO-002-QA" failures="0" tests="1" name="com.younited.qa.testcases.ManageProfilePageTest" time="82.914" errors="0" timestamp="2024-07-02T12:18:30 IST" skipped="0">
  <testcase classname="com.younited.qa.testcases.ManageProfilePageTest" name="test" time="82.914"/>
  <system-out/>
</testsuite> <!-- com.younited.qa.testcases.ManageProfilePageTest -->
