<?xml version="1.0" encoding="UTF-8"?>
<!-- Generated by org.testng.reporters.JUnitReportReporter -->
<testsuite hostname="NO-002-QA" failures="0" tests="1" name="com.younited.qa.testcases.UlogoIntermediarycompaniesPageTest" time="117.111" errors="0" timestamp="2023-11-06T18:20:25 IST" skipped="0">
  <testcase classname="com.younited.qa.testcases.UlogoIntermediarycompaniesPageTest" name="UlogoIntermediarycompanyPage" time="117.111"/>
  <system-out/>
</testsuite> <!-- com.younited.qa.testcases.UlogoIntermediarycompaniesPageTest -->
