<?xml version="1.0" encoding="UTF-8"?>
<!-- Generated by org.testng.reporters.JUnitReportReporter -->
<testsuite hostname="NO-002-QA" failures="0" tests="3" name="com.younited.qa.testcases.LoginPageTest" time="15.342" errors="0" timestamp="2023-10-23T14:22:18 IST" skipped="0">
  <testcase classname="com.younited.qa.testcases.LoginPageTest" name="loginPageTitleTest" time="4.055"/>
  <system-out/>
  <testcase classname="com.younited.qa.testcases.LoginPageTest" name="imageLogoTest" time="5.444"/>
  <system-out/>
  <testcase classname="com.younited.qa.testcases.LoginPageTest" name="loginTest" time="5.843"/>
  <system-out/>
</testsuite> <!-- com.younited.qa.testcases.LoginPageTest -->
