<?xml version="1.0" encoding="UTF-8"?>
<!-- Generated by org.testng.reporters.JUnitReportReporter -->
<testsuite hostname="NO-002-QA" failures="0" tests="1" name="com.younited.qa.testcases.UlogoNativeAssignmentsPageTest" time="172.977" errors="0" timestamp="2024-12-31T12:44:23 IST" skipped="0">
  <testcase classname="com.younited.qa.testcases.UlogoNativeAssignmentsPageTest" name="UlogoNativeAssignmentsPage" time="172.977"/>
  <system-out/>
</testsuite> <!-- com.younited.qa.testcases.UlogoNativeAssignmentsPageTest -->
