<?xml version="1.0" encoding="UTF-8"?>
<!-- Generated by org.testng.reporters.JUnitReportReporter -->
<testsuite hostname="NO-002-QA" failures="0" tests="1" name="com.younited.qa.testcases.UlogoChatPageTest" time="42.954" errors="0" timestamp="2023-11-30T12:31:36 IST" skipped="0">
  <testcase classname="com.younited.qa.testcases.UlogoChatPageTest" name="chatPage" time="42.954"/>
  <system-out/>
</testsuite> <!-- com.younited.qa.testcases.UlogoChatPageTest -->
