<?xml version="1.0" encoding="UTF-8"?>
<!-- Generated by org.testng.reporters.JUnitReportReporter -->
<testsuite hostname="NO-002-QA" failures="0" tests="1" name="com.younited.qa.testcases.MyReactionsPageFreeTest" time="134.562" errors="0" timestamp="2024-12-13T17:20:45 IST" skipped="0">
  <testcase classname="com.younited.qa.testcases.MyReactionsPageFreeTest" name="test" time="134.562"/>
  <system-out/>
</testsuite> <!-- com.younited.qa.testcases.MyReactionsPageFreeTest -->
