<?xml version="1.0" encoding="UTF-8"?>
<!-- Generated by org.testng.reporters.JUnitReportReporter -->
<testsuite hostname="NO-002-QA" failures="0" tests="1" name="com.younited.qa.testcases.RegisteredWizardTest" time="307.049" errors="0" timestamp="2024-12-11T12:38:01 IST" skipped="0">
  <testcase classname="com.younited.qa.testcases.RegisteredWizardTest" name="test" time="307.049"/>
  <system-out/>
</testsuite> <!-- com.younited.qa.testcases.RegisteredWizardTest -->
