<?xml version="1.0" encoding="UTF-8"?>
<!-- Generated by org.testng.reporters.JUnitReportReporter -->
<testsuite hostname="NO-002-QA" failures="0" tests="1" name="com.younited.qa.testcases.UlogoMyprofilePageTest" time="173.534" errors="0" timestamp="2024-06-19T18:06:44 IST" skipped="0">
  <testcase classname="com.younited.qa.testcases.UlogoMyprofilePageTest" name="UlogoMyProfilePage" time="173.534"/>
  <system-out/>
</testsuite> <!-- com.younited.qa.testcases.UlogoMyprofilePageTest -->
