<?xml version="1.0" encoding="UTF-8"?>
<!-- Generated by org.testng.reporters.JUnitReportReporter -->
<testsuite hostname="NO-002-QA" failures="0" tests="1" name="com.younited.qa.testcases.UlogoMydashboardPageTest" time="70.305" errors="0" timestamp="2025-01-09T18:58:05 IST" skipped="0">
  <testcase classname="com.younited.qa.testcases.UlogoMydashboardPageTest" name="myDashboard" time="70.305"/>
  <system-out/>
</testsuite> <!-- com.younited.qa.testcases.UlogoMydashboardPageTest -->
