<?xml version="1.0" encoding="UTF-8"?>
<!-- Generated by org.testng.reporters.JUnitReportReporter -->
<testsuite hostname="NO-002-QA" failures="0" tests="1" name="com.younited.qa.testcases.UlogoProfilestatisticsPageTest" time="81.419" errors="0" timestamp="2024-01-29T14:33:09 IST" skipped="0">
  <testcase classname="com.younited.qa.testcases.UlogoProfilestatisticsPageTest" name="UlogoProfilestatisticsPage" time="81.419"/>
  <system-out/>
</testsuite> <!-- com.younited.qa.testcases.UlogoProfilestatisticsPageTest -->
