<?xml version="1.0" encoding="UTF-8"?>
<!-- Generated by org.testng.reporters.JUnitReportReporter -->
<testsuite hostname="NO-002-QA" failures="0" tests="1" name="com.younited.qa.testcases.BusinessesPageFreeTest" time="78.380" errors="0" timestamp="2024-04-01T17:10:33 IST" skipped="0">
  <testcase classname="com.younited.qa.testcases.BusinessesPageFreeTest" name="businessesPageFree" time="78.380"/>
  <system-out/>
</testsuite> <!-- com.younited.qa.testcases.BusinessesPageFreeTest -->
