<?xml version="1.0" encoding="UTF-8"?>
<!-- Generated by org.testng.reporters.JUnitReportReporter -->
<testsuite hostname="NO-002-QA" failures="0" tests="1" name="com.younited.qa.testcases.MyReactionsPageFreeTest" time="103.469" errors="0" timestamp="2024-07-12T15:10:04 IST" skipped="0">
  <testcase classname="com.younited.qa.testcases.MyReactionsPageFreeTest" name="test" time="103.469"/>
  <system-out/>
</testsuite> <!-- com.younited.qa.testcases.MyReactionsPageFreeTest -->
