<?xml version="1.0" encoding="UTF-8"?>
<!-- Generated by org.testng.reporters.JUnitReportReporter -->
<testsuite hostname="NO-002-QA" failures="0" tests="1" name="com.younited.qa.testcases.CheckCommandPageTest" time="95.669" errors="0" timestamp="2023-12-11T17:14:12 IST" skipped="0">
  <testcase classname="com.younited.qa.testcases.CheckCommandPageTest" name="checkCommandPageTest" time="95.669"/>
  <system-out/>
</testsuite> <!-- com.younited.qa.testcases.CheckCommandPageTest -->
