<?xml version="1.0" encoding="UTF-8"?>
<!-- Generated by org.testng.reporters.JUnitReportReporter -->
<testsuite hostname="NO-002-QA" failures="0" tests="1" name="com.younited.qa.testcases.UlogoStoresuppliersPageTest" time="79.787" errors="0" timestamp="2025-01-06T14:11:45 IST" skipped="0">
  <testcase classname="com.younited.qa.testcases.UlogoStoresuppliersPageTest" name="test" time="79.787"/>
  <system-out/>
</testsuite> <!-- com.younited.qa.testcases.UlogoStoresuppliersPageTest -->
