<?xml version="1.0" encoding="UTF-8"?>
<!-- Generated by org.testng.reporters.JUnitReportReporter -->
<testsuite hostname="NO-002-QA" failures="0" tests="1" name="com.younited.qa.testcases.DeleteUserRequestFlowTest" time="266.796" errors="0" timestamp="2024-09-17T20:21:24 IST" skipped="0">
  <testcase classname="com.younited.qa.testcases.DeleteUserRequestFlowTest" name="test" time="266.796"/>
  <system-out/>
</testsuite> <!-- com.younited.qa.testcases.DeleteUserRequestFlowTest -->
