<?xml version="1.0" encoding="UTF-8"?>
<!-- Generated by org.testng.reporters.JUnitReportReporter -->
<testsuite hostname="NO-002-QA" failures="0" tests="1" name="com.younited.qa.testcases.MatchPageTest" time="304.783" errors="0" timestamp="2023-12-08T17:41:11 IST" skipped="0">
  <testcase classname="com.younited.qa.testcases.MatchPageTest" name="matchPage" time="304.783"/>
  <system-out/>
</testsuite> <!-- com.younited.qa.testcases.MatchPageTest -->
