<?xml version="1.0" encoding="UTF-8"?>
<!-- Generated by org.testng.reporters.JUnitReportReporter -->
<testsuite hostname="NO-002-QA" failures="0" tests="1" name="com.younited.qa.testcases.RegisteredWizardTest" time="69.331" errors="0" timestamp="2024-09-03T15:11:36 IST" skipped="0">
  <testcase classname="com.younited.qa.testcases.RegisteredWizardTest" name="test" time="69.331"/>
  <system-out/>
</testsuite> <!-- com.younited.qa.testcases.RegisteredWizardTest -->
