<?xml version="1.0" encoding="UTF-8"?>
<!-- Generated by org.testng.reporters.JUnitReportReporter -->
<testsuite hostname="NO-002-QA" failures="0" tests="1" name="com.younited.qa.testcases.StorePageFreeTest" time="159.515" errors="0" timestamp="2023-11-06T19:03:26 IST" skipped="0">
  <testcase classname="com.younited.qa.testcases.StorePageFreeTest" name="clickStoreTab" time="159.515"/>
  <system-out/>
</testsuite> <!-- com.younited.qa.testcases.StorePageFreeTest -->
