<?xml version="1.0" encoding="UTF-8"?>
<!-- Generated by org.testng.reporters.JUnitReportReporter -->
<testsuite hostname="NO-002-QA" failures="0" tests="1" name="com.younited.qa.testcases.CommunityPageAdminTest" time="158.949" errors="0" timestamp="2024-06-07T14:39:10 IST" skipped="0">
  <testcase classname="com.younited.qa.testcases.CommunityPageAdminTest" name="community" time="158.949"/>
  <system-out/>
</testsuite> <!-- com.younited.qa.testcases.CommunityPageAdminTest -->
