<?xml version="1.0" encoding="UTF-8"?>
<!-- Generated by org.testng.reporters.JUnitReportReporter -->
<testsuite hostname="NO-002-QA" failures="0" tests="1" name="com.younited.qa.testcases.CheckCommandPageTest" time="98.300" errors="0" timestamp="2023-12-14T16:13:32 IST" skipped="0">
  <testcase classname="com.younited.qa.testcases.CheckCommandPageTest" name="checkCommandPageTest" time="98.300"/>
  <system-out/>
</testsuite> <!-- com.younited.qa.testcases.CheckCommandPageTest -->
