<?xml version="1.0" encoding="UTF-8"?>
<!-- Generated by org.testng.reporters.JUnitReportReporter -->
<testsuite hostname="NO-002-QA" failures="0" tests="1" name="com.younited.qa.testcases.MycompanyLocatiesPageTest" time="87.804" errors="0" timestamp="2024-07-04T15:58:19 IST" skipped="0">
  <testcase classname="com.younited.qa.testcases.MycompanyLocatiesPageTest" name="test" time="87.804"/>
  <system-out/>
</testsuite> <!-- com.younited.qa.testcases.MycompanyLocatiesPageTest -->
