<?xml version="1.0" encoding="UTF-8"?>
<!-- Generated by org.testng.reporters.JUnitReportReporter -->
<testsuite hostname="NO-002-QA" failures="0" tests="1" name="com.younited.qa.testcases.UlogoDasCompaniesPageTest" time="100.544" errors="0" timestamp="2024-06-19T17:52:39 IST" skipped="0">
  <testcase classname="com.younited.qa.testcases.UlogoDasCompaniesPageTest" name="UlogoDasCompaniesPage" time="100.544"/>
  <system-out/>
</testsuite> <!-- com.younited.qa.testcases.UlogoDasCompaniesPageTest -->
