<?xml version="1.0" encoding="UTF-8"?>
<!-- Generated by org.testng.reporters.JUnitReportReporter -->
<testsuite hostname="NO-002-QA" failures="0" tests="3" name="com.younited.qa.testcases.HomePageTest" time="102.618" errors="0" timestamp="2023-12-08T12:50:48 IST" skipped="0">
  <testcase classname="com.younited.qa.testcases.HomePageTest" name="homePageTitleTest" time="34.642"/>
  <system-out/>
  <testcase classname="com.younited.qa.testcases.HomePageTest" name="verifyImageLogoTest" time="36.677"/>
  <system-out/>
  <testcase classname="com.younited.qa.testcases.HomePageTest" name="clickMyAssignmentsLinkTest" time="31.299"/>
  <system-out/>
</testsuite> <!-- com.younited.qa.testcases.HomePageTest -->
