<?xml version="1.0" encoding="UTF-8"?>
<!-- Generated by org.testng.reporters.JUnitReportReporter -->
<testsuite hostname="NO-002-QA" failures="0" tests="1" name="com.younited.qa.testcases.EntrepreneursPageFreeTest" time="107.227" errors="0" timestamp="2024-03-15T12:47:46 IST" skipped="0">
  <testcase classname="com.younited.qa.testcases.EntrepreneursPageFreeTest" name="entrepreneurPageFilter" time="107.227"/>
  <system-out/>
</testsuite> <!-- com.younited.qa.testcases.EntrepreneursPageFreeTest -->
