<?xml version="1.0" encoding="UTF-8"?>
<!-- Generated by org.testng.reporters.JUnitReportReporter -->
<testsuite hostname="NO-002-QA" failures="0" tests="1" name="com.younited.qa.testcases.UlogoDasAssignmentsPageTest" time="171.564" errors="0" timestamp="2024-06-27T19:56:25 IST" skipped="0">
  <testcase classname="com.younited.qa.testcases.UlogoDasAssignmentsPageTest" name="UlogoDasAssignmentsPage" time="171.564"/>
  <system-out/>
</testsuite> <!-- com.younited.qa.testcases.UlogoDasAssignmentsPageTest -->
