<?xml version="1.0" encoding="UTF-8"?>
<!-- Generated by org.testng.reporters.JUnitReportReporter -->
<testsuite hostname="NO-002-QA" failures="0" tests="1" name="com.younited.qa.testcases.HomePageAdminTest" time="68.619" errors="0" timestamp="2025-01-20T14:25:42 IST" skipped="0">
  <testcase classname="com.younited.qa.testcases.HomePageAdminTest" name="test" time="68.619"/>
  <system-out/>
</testsuite> <!-- com.younited.qa.testcases.HomePageAdminTest -->
