<?xml version="1.0" encoding="UTF-8"?>
<!-- Generated by org.testng.reporters.JUnitReportReporter -->
<testsuite hostname="NO-002-QA" failures="0" tests="1" name="com.younited.qa.testcases.UlogoMyassignmentsPageTest" time="117.770" errors="0" timestamp="2024-07-05T20:17:53 IST" skipped="0">
  <testcase classname="com.younited.qa.testcases.UlogoMyassignmentsPageTest" name="UlogoMyassignmentsPage" time="117.770"/>
  <system-out/>
</testsuite> <!-- com.younited.qa.testcases.UlogoMyassignmentsPageTest -->
