<?xml version="1.0" encoding="UTF-8"?>
<!-- Generated by org.testng.reporters.JUnitReportReporter -->
<testsuite hostname="NO-002-QA" failures="0" tests="1" name="com.younited.qa.testcases.UlogoDasAssignmentsPageTest" time="84.894" errors="0" timestamp="2023-12-19T15:55:27 IST" skipped="0">
  <testcase classname="com.younited.qa.testcases.UlogoDasAssignmentsPageTest" name="UlogoDasAssignmentsPage" time="84.894"/>
  <system-out/>
</testsuite> <!-- com.younited.qa.testcases.UlogoDasAssignmentsPageTest -->
