<?xml version="1.0" encoding="UTF-8"?>
<!-- Generated by org.testng.reporters.JUnitReportReporter -->
<testsuite hostname="NO-002-QA" failures="0" tests="1" name="com.younited.qa.testcases.UlogoMyprofilePageTest" time="148.147" errors="0" timestamp="2024-03-29T18:53:30 IST" skipped="0">
  <testcase classname="com.younited.qa.testcases.UlogoMyprofilePageTest" name="UlogoMyProfilePage" time="148.147"/>
  <system-out/>
</testsuite> <!-- com.younited.qa.testcases.UlogoMyprofilePageTest -->
