<?xml version="1.0" encoding="UTF-8"?>
<!-- Generated by org.testng.reporters.JUnitReportReporter -->
<testsuite hostname="NO-002-QA" failures="0" tests="1" name="com.younited.qa.testcases.UlogoIntermediaryPageTest" time="93.297" errors="0" timestamp="2024-09-17T20:23:23 IST" skipped="0">
  <testcase classname="com.younited.qa.testcases.UlogoIntermediaryPageTest" name="test" time="93.297"/>
  <system-out/>
</testsuite> <!-- com.younited.qa.testcases.UlogoIntermediaryPageTest -->
