<?xml version="1.0" encoding="UTF-8"?>
<!-- Generated by org.testng.reporters.JUnitReportReporter -->
<testsuite hostname="NO-002-QA" failures="0" tests="1" name="com.younited.qa.testcases.MyReactionsPageFreeTest" time="125.943" errors="0" timestamp="2024-08-30T16:30:05 IST" skipped="0">
  <testcase classname="com.younited.qa.testcases.MyReactionsPageFreeTest" name="test" time="125.943"/>
  <system-out/>
</testsuite> <!-- com.younited.qa.testcases.MyReactionsPageFreeTest -->
