<?xml version="1.0" encoding="UTF-8"?>
<!-- Generated by org.testng.reporters.JUnitReportReporter -->
<testsuite hostname="NO-002-QA" failures="0" tests="1" name="com.younited.qa.testcases.UlogoIntAddNewUserPageTest" time="146.627" errors="0" timestamp="2025-01-01T17:26:23 IST" skipped="0">
  <testcase classname="com.younited.qa.testcases.UlogoIntAddNewUserPageTest" name="test" time="146.627"/>
  <system-out/>
</testsuite> <!-- com.younited.qa.testcases.UlogoIntAddNewUserPageTest -->
