<?xml version="1.0" encoding="UTF-8"?>
<!-- Generated by org.testng.reporters.JUnitReportReporter -->
<testsuite hostname="NO-002-QA" failures="0" tests="1" name="com.younited.qa.testcases.MatchPageTest" time="241.973" errors="0" timestamp="2024-08-20T14:43:23 IST" skipped="0">
  <testcase classname="com.younited.qa.testcases.MatchPageTest" name="matchPage" time="241.973"/>
  <system-out/>
</testsuite> <!-- com.younited.qa.testcases.MatchPageTest -->
