<?xml version="1.0" encoding="UTF-8"?>
<!-- Generated by org.testng.reporters.JUnitReportReporter -->
<testsuite hostname="NO-002-QA" failures="0" tests="1" name="com.younited.qa.testcases.RegisteredWizardTest" time="306.752" errors="0" timestamp="2024-12-24T17:16:14 IST" skipped="0">
  <testcase classname="com.younited.qa.testcases.RegisteredWizardTest" name="test" time="306.752"/>
  <system-out/>
</testsuite> <!-- com.younited.qa.testcases.RegisteredWizardTest -->
