<?xml version="1.0" encoding="UTF-8"?>
<!-- Generated by org.testng.reporters.JUnitReportReporter -->
<testsuite hostname="NO-002-QA" failures="0" tests="1" name="com.younited.qa.testcases.UlogoDasPlatformPageTest" time="72.287" errors="0" timestamp="2024-04-05T16:07:58 IST" skipped="0">
  <testcase classname="com.younited.qa.testcases.UlogoDasPlatformPageTest" name="uLogoDasPlatformPage" time="72.287"/>
  <system-out/>
</testsuite> <!-- com.younited.qa.testcases.UlogoDasPlatformPageTest -->
