<?xml version="1.0" encoding="UTF-8"?>
<!-- Generated by org.testng.reporters.JUnitReportReporter -->
<testsuite hostname="NO-002-QA" failures="0" tests="1" name="com.younited.qa.testcases.UlogoIntAddNewCompanyPageTest" time="125.215" errors="0" timestamp="2024-09-11T13:05:31 IST" skipped="0">
  <testcase classname="com.younited.qa.testcases.UlogoIntAddNewCompanyPageTest" name="test" time="125.215"/>
  <system-out/>
</testsuite> <!-- com.younited.qa.testcases.UlogoIntAddNewCompanyPageTest -->
