<?xml version="1.0" encoding="UTF-8"?>
<!-- Generated by org.testng.reporters.JUnitReportReporter -->
<testsuite hostname="NO-002-QA" failures="0" tests="3" name="com.younited.qa.testcases.HomePageTest" time="153.455" errors="0" timestamp="2024-06-07T16:35:33 IST" skipped="0">
  <testcase classname="com.younited.qa.testcases.HomePageTest" name="homePageTitleTest" time="53.110"/>
  <system-out/>
  <testcase classname="com.younited.qa.testcases.HomePageTest" name="verifyImageLogoTest" time="47.264"/>
  <system-out/>
  <testcase classname="com.younited.qa.testcases.HomePageTest" name="myAssignmentsPage" time="53.081"/>
  <system-out/>
</testsuite> <!-- com.younited.qa.testcases.HomePageTest -->
