<?xml version="1.0" encoding="UTF-8"?>
<!-- Generated by org.testng.reporters.JUnitReportReporter -->
<testsuite hostname="NO-002-QA" failures="0" tests="1" name="com.younited.qa.testcases.LeadsPageAdminTest" time="122.302" errors="0" timestamp="2024-07-22T19:08:29 IST" skipped="0">
  <testcase classname="com.younited.qa.testcases.LeadsPageAdminTest" name="test" time="122.302"/>
  <system-out/>
</testsuite> <!-- com.younited.qa.testcases.LeadsPageAdminTest -->
