<?xml version="1.0" encoding="UTF-8"?>
<!-- Generated by org.testng.reporters.JUnitReportReporter -->
<testsuite hostname="NO-002-QA" failures="0" tests="1" name="com.younited.qa.testcases.MyReactionsPageTest" time="77.864" errors="0" timestamp="2024-08-08T14:51:14 IST" skipped="0">
  <testcase classname="com.younited.qa.testcases.MyReactionsPageTest" name="test" time="77.864"/>
  <system-out/>
</testsuite> <!-- com.younited.qa.testcases.MyReactionsPageTest -->
