<?xml version="1.0" encoding="UTF-8"?>
<!-- Generated by org.testng.reporters.JUnitReportReporter -->
<testsuite hostname="NO-002-QA" failures="0" tests="1" name="com.younited.qa.testcases.AssignmentsPageFreeTest" time="393.244" errors="0" timestamp="2024-08-30T15:57:20 IST" skipped="0">
  <testcase classname="com.younited.qa.testcases.AssignmentsPageFreeTest" name="clickFiltersTest" time="393.244"/>
  <system-out/>
</testsuite> <!-- com.younited.qa.testcases.AssignmentsPageFreeTest -->
