<?xml version="1.0" encoding="UTF-8"?>
<!-- Generated by org.testng.reporters.JUnitReportReporter -->
<testsuite hostname="NO-002-QA" failures="0" tests="1" name="com.younited.qa.testcases.UlogoStoreProductAddPageTest" time="93.228" errors="0" timestamp="2024-07-09T16:38:17 IST" skipped="0">
  <testcase classname="com.younited.qa.testcases.UlogoStoreProductAddPageTest" name="test" time="93.228"/>
  <system-out/>
</testsuite> <!-- com.younited.qa.testcases.UlogoStoreProductAddPageTest -->
