<?xml version="1.0" encoding="UTF-8"?>
<!-- Generated by org.testng.reporters.JUnitReportReporter -->
<testsuite hostname="NO-002-QA" failures="0" tests="1" name="com.younited.qa.testcases.CompleteAssignmentTest" time="187.740" errors="0" timestamp="2024-04-09T12:25:22 IST" skipped="0">
  <testcase classname="com.younited.qa.testcases.CompleteAssignmentTest" name="completeAssignmentTest" time="187.740"/>
  <system-out/>
</testsuite> <!-- com.younited.qa.testcases.CompleteAssignmentTest -->
