<?xml version="1.0" encoding="UTF-8"?>
<!-- Generated by org.testng.reporters.JUnitReportReporter -->
<testsuite hostname="NO-002-QA" failures="0" tests="1" name="com.younited.qa.testcases.MyAssignmentsPageTest" time="132.511" errors="0" timestamp="2024-07-02T14:45:25 IST" skipped="0">
  <testcase classname="com.younited.qa.testcases.MyAssignmentsPageTest" name="myAssignmentsPageTest" time="132.511"/>
  <system-out/>
</testsuite> <!-- com.younited.qa.testcases.MyAssignmentsPageTest -->
