<?xml version="1.0" encoding="UTF-8"?>
<!-- Generated by org.testng.reporters.JUnitReportReporter -->
<testsuite hostname="NO-002-QA" failures="0" tests="1" name="com.younited.qa.testcases.UlogoStoresuppliersPageTest" time="83.195" errors="0" timestamp="2024-07-05T16:31:59 IST" skipped="0">
  <testcase classname="com.younited.qa.testcases.UlogoStoresuppliersPageTest" name="test" time="83.195"/>
  <system-out/>
</testsuite> <!-- com.younited.qa.testcases.UlogoStoresuppliersPageTest -->
