<?xml version="1.0" encoding="UTF-8"?>
<!-- Generated by org.testng.reporters.JUnitReportReporter -->
<testsuite hostname="NO-002-QA" failures="0" tests="1" name="com.younited.qa.testcases.DeleteUserRequestFlowTest" time="267.885" errors="0" timestamp="2024-10-29T17:23:03 IST" skipped="0">
  <testcase classname="com.younited.qa.testcases.DeleteUserRequestFlowTest" name="test" time="267.885"/>
  <system-out/>
</testsuite> <!-- com.younited.qa.testcases.DeleteUserRequestFlowTest -->
