<?xml version="1.0" encoding="UTF-8"?>
<!-- Generated by org.testng.reporters.JUnitReportReporter -->
<testsuite hostname="NO-002-QA" failures="0" tests="1" name="com.younited.qa.testcases.CheckCommandPageTest" time="94.239" errors="0" timestamp="2024-05-30T18:38:59 IST" skipped="0">
  <testcase classname="com.younited.qa.testcases.CheckCommandPageTest" name="checkCommandPageTest" time="94.239"/>
  <system-out/>
</testsuite> <!-- com.younited.qa.testcases.CheckCommandPageTest -->
