<?xml version="1.0" encoding="UTF-8"?>
<!-- Generated by org.testng.reporters.JUnitReportReporter -->
<testsuite hostname="NO-002-QA" failures="0" tests="1" name="com.younited.qa.testcases.UlogoMydashboardPageTest" time="38.214" errors="0" timestamp="2023-12-06T18:21:30 IST" skipped="0">
  <testcase classname="com.younited.qa.testcases.UlogoMydashboardPageTest" name="myDashboard" time="38.214"/>
  <system-out/>
</testsuite> <!-- com.younited.qa.testcases.UlogoMydashboardPageTest -->
