<?xml version="1.0" encoding="UTF-8"?>
<!-- Generated by org.testng.reporters.JUnitReportReporter -->
<testsuite hostname="NO-002-QA" failures="0" tests="1" name="com.younited.qa.testcases.ManageProfilePageTest" time="94.473" errors="0" timestamp="2024-07-02T13:40:48 IST" skipped="0">
  <testcase classname="com.younited.qa.testcases.ManageProfilePageTest" name="test" time="94.473"/>
  <system-out/>
</testsuite> <!-- com.younited.qa.testcases.ManageProfilePageTest -->
