<?xml version="1.0" encoding="UTF-8"?>
<!-- Generated by org.testng.reporters.JUnitReportReporter -->
<testsuite hostname="NO-002-QA" failures="0" tests="1" name="com.younited.qa.testcases.MyReactionsPageTest" time="80.139" errors="0" timestamp="2024-12-13T19:30:03 IST" skipped="0">
  <testcase classname="com.younited.qa.testcases.MyReactionsPageTest" name="test" time="80.139"/>
  <system-out/>
</testsuite> <!-- com.younited.qa.testcases.MyReactionsPageTest -->
