<?xml version="1.0" encoding="UTF-8"?>
<!-- Generated by org.testng.reporters.JUnitReportReporter -->
<testsuite hostname="NO-002-QA" failures="0" tests="1" name="com.younited.qa.testcases.UlogoDasAssignmentsPageTest" time="188.606" errors="0" timestamp="2024-07-30T16:44:09 IST" skipped="0">
  <testcase classname="com.younited.qa.testcases.UlogoDasAssignmentsPageTest" name="UlogoDasAssignmentsPage" time="188.606"/>
  <system-out/>
</testsuite> <!-- com.younited.qa.testcases.UlogoDasAssignmentsPageTest -->
