<?xml version="1.0" encoding="UTF-8"?>
<!-- Generated by org.testng.reporters.JUnitReportReporter -->
<testsuite hostname="NO-002-QA" failures="0" tests="1" name="com.younited.qa.testcases.UlogoProfilestatisticsPageTest" time="21.221" errors="0" timestamp="2024-07-31T19:33:28 IST" skipped="0">
  <testcase classname="com.younited.qa.testcases.UlogoProfilestatisticsPageTest" name="UlogoProfilestatisticsPage" time="21.221"/>
  <system-out/>
</testsuite> <!-- com.younited.qa.testcases.UlogoProfilestatisticsPageTest -->
