<?xml version="1.0" encoding="UTF-8"?>
<!-- Generated by org.testng.reporters.JUnitReportReporter -->
<testsuite hostname="NO-002-QA" failures="0" tests="1" name="com.younited.qa.testcases.HomePageAdminTest" time="64.896" errors="0" timestamp="2025-01-17T13:30:12 IST" skipped="0">
  <testcase classname="com.younited.qa.testcases.HomePageAdminTest" name="test" time="64.896"/>
  <system-out/>
</testsuite> <!-- com.younited.qa.testcases.HomePageAdminTest -->
