<?xml version="1.0" encoding="UTF-8"?>
<!-- Generated by org.testng.reporters.JUnitReportReporter -->
<testsuite hostname="NO-002-QA" failures="0" tests="1" name="com.younited.qa.testcases.UlogoAllassignmentsPageTest" time="117.318" errors="0" timestamp="2024-06-07T18:30:38 IST" skipped="0">
  <testcase classname="com.younited.qa.testcases.UlogoAllassignmentsPageTest" name="UlogoAllassignmentsPage" time="117.318"/>
  <system-out/>
</testsuite> <!-- com.younited.qa.testcases.UlogoAllassignmentsPageTest -->
