<?xml version="1.0" encoding="UTF-8"?>
<!-- Generated by org.testng.reporters.JUnitReportReporter -->
<testsuite hostname="NO-002-QA" failures="0" tests="1" name="com.younited.qa.testcases.UlogoAllassignmentsPageTest" time="84.196" errors="0" timestamp="2023-11-29T15:47:06 IST" skipped="0">
  <testcase classname="com.younited.qa.testcases.UlogoAllassignmentsPageTest" name="UlogoAllassignmentsPage" time="84.196"/>
  <system-out/>
</testsuite> <!-- com.younited.qa.testcases.UlogoAllassignmentsPageTest -->
