<?xml version="1.0" encoding="UTF-8"?>
<!-- Generated by org.testng.reporters.JUnitReportReporter -->
<testsuite hostname="NO-002-QA" failures="0" tests="1" name="com.younited.qa.testcases.CompleteAssignmentTest" time="256.201" errors="0" timestamp="2023-12-18T15:39:17 IST" skipped="0">
  <testcase classname="com.younited.qa.testcases.CompleteAssignmentTest" name="completeAssignmentTest" time="256.201"/>
  <system-out/>
</testsuite> <!-- com.younited.qa.testcases.CompleteAssignmentTest -->
