<?xml version="1.0" encoding="UTF-8"?>
<!-- Generated by org.testng.reporters.JUnitReportReporter -->
<testsuite hostname="NO-002-QA" failures="0" tests="3" name="com.younited.qa.testcases.HomePageTest" time="176.817" errors="0" timestamp="2024-08-02T13:19:52 IST" skipped="0">
  <testcase classname="com.younited.qa.testcases.HomePageTest" name="homePageTitleTest" time="45.839"/>
  <system-out/>
  <testcase classname="com.younited.qa.testcases.HomePageTest" name="verifyImageLogoTest" time="53.817"/>
  <system-out/>
  <testcase classname="com.younited.qa.testcases.HomePageTest" name="myAssignmentsPage" time="77.161"/>
  <system-out/>
</testsuite> <!-- com.younited.qa.testcases.HomePageTest -->
