<?xml version="1.0" encoding="UTF-8"?>
<!-- Generated by org.testng.reporters.JUnitReportReporter -->
<testsuite hostname="NO-002-QA" failures="0" tests="1" name="com.younited.qa.testcases.AddCommandPageTest" time="69.866" errors="0" timestamp="2024-04-01T18:20:24 IST" skipped="0">
  <testcase classname="com.younited.qa.testcases.AddCommandPageTest" name="uploadFileTest" time="69.866"/>
  <system-out/>
</testsuite> <!-- com.younited.qa.testcases.AddCommandPageTest -->
