<?xml version="1.0" encoding="UTF-8"?>
<!-- Generated by org.testng.reporters.JUnitReportReporter -->
<testsuite hostname="NO-002-QA" failures="0" tests="1" name="com.younited.qa.testcases.LeadsPageAdminTest" time="112.822" errors="0" timestamp="2024-09-03T19:10:21 IST" skipped="0">
  <testcase classname="com.younited.qa.testcases.LeadsPageAdminTest" name="test" time="112.822"/>
  <system-out/>
</testsuite> <!-- com.younited.qa.testcases.LeadsPageAdminTest -->
