<?xml version="1.0" encoding="UTF-8"?>
<!-- Generated by org.testng.reporters.JUnitReportReporter -->
<testsuite hostname="NO-002-QA" failures="0" tests="1" name="com.younited.qa.testcases.UlogoAddIntermediaryPageTest" time="149.599" errors="0" timestamp="2024-10-16T17:50:07 IST" skipped="0">
  <testcase classname="com.younited.qa.testcases.UlogoAddIntermediaryPageTest" name="test" time="149.599"/>
  <system-out/>
</testsuite> <!-- com.younited.qa.testcases.UlogoAddIntermediaryPageTest -->
