<?xml version="1.0" encoding="UTF-8"?>
<!-- Generated by org.testng.reporters.JUnitReportReporter -->
<testsuite hostname="NO-002-QA" failures="0" tests="1" name="com.younited.qa.testcases.CompleteAssignmentTest" time="257.019" errors="0" timestamp="2024-08-13T16:13:43 IST" skipped="0">
  <testcase classname="com.younited.qa.testcases.CompleteAssignmentTest" name="completeAssignmentTest" time="257.019"/>
  <system-out/>
</testsuite> <!-- com.younited.qa.testcases.CompleteAssignmentTest -->
