<?xml version="1.0" encoding="UTF-8"?>
<!-- Generated by org.testng.reporters.JUnitReportReporter -->
<testsuite hostname="NO-002-QA" failures="0" tests="1" name="com.younited.qa.testcases.UlogoUsermanagementPageTest" time="208.260" errors="0" timestamp="2024-01-05T18:55:49 IST" skipped="0">
  <testcase classname="com.younited.qa.testcases.UlogoUsermanagementPageTest" name="uLogoUsermanagementPageTest" time="208.260"/>
  <system-out/>
</testsuite> <!-- com.younited.qa.testcases.UlogoUsermanagementPageTest -->
