<?xml version="1.0" encoding="UTF-8"?>
<!-- Generated by org.testng.reporters.JUnitReportReporter -->
<testsuite hostname="NO-002-QA" failures="0" tests="1" name="com.younited.qa.testcases.ManageProfilePageFreeTest" time="133.145" errors="0" timestamp="2023-11-23T18:14:49 IST" skipped="0">
  <testcase classname="com.younited.qa.testcases.ManageProfilePageFreeTest" name="test" time="133.145"/>
  <system-out/>
</testsuite> <!-- com.younited.qa.testcases.ManageProfilePageFreeTest -->
