<?xml version="1.0" encoding="UTF-8"?>
<!-- Generated by org.testng.reporters.JUnitReportReporter -->
<testsuite hostname="NO-002-QA" failures="0" tests="1" name="com.younited.qa.testcases.CommunityPageFreeTest" time="56.227" errors="0" timestamp="2024-07-02T14:54:53 IST" skipped="0">
  <testcase classname="com.younited.qa.testcases.CommunityPageFreeTest" name="communityPageFreeTest" time="56.227"/>
  <system-out/>
</testsuite> <!-- com.younited.qa.testcases.CommunityPageFreeTest -->
