<?xml version="1.0" encoding="UTF-8"?>
<!-- Generated by org.testng.reporters.JUnitReportReporter -->
<testsuite hostname="NO-002-QA" failures="0" tests="1" name="com.younited.qa.testcases.UlogoIntermediaryPageTest" time="142.230" errors="0" timestamp="2025-01-20T19:47:36 IST" skipped="0">
  <testcase classname="com.younited.qa.testcases.UlogoIntermediaryPageTest" name="test" time="142.230"/>
  <system-out/>
</testsuite> <!-- com.younited.qa.testcases.UlogoIntermediaryPageTest -->
