<?xml version="1.0" encoding="UTF-8"?>
<!-- Generated by org.testng.reporters.JUnitReportReporter -->
<testsuite hostname="NO-002-QA" failures="0" tests="1" name="com.younited.qa.testcases.UlogoChatPageTest" time="42.197" errors="0" timestamp="2024-01-31T16:43:33 IST" skipped="0">
  <testcase classname="com.younited.qa.testcases.UlogoChatPageTest" name="chatPage" time="42.197"/>
  <system-out/>
</testsuite> <!-- com.younited.qa.testcases.UlogoChatPageTest -->
