<?xml version="1.0" encoding="UTF-8"?>
<!-- Generated by org.testng.reporters.JUnitReportReporter -->
<testsuite hostname="NO-002-QA" failures="0" tests="3" name="com.younited.qa.testcases.HomePageTest" time="136.851" errors="0" timestamp="2024-06-27T19:30:34 IST" skipped="0">
  <testcase classname="com.younited.qa.testcases.HomePageTest" name="homePageTitleTest" time="43.812"/>
  <system-out/>
  <testcase classname="com.younited.qa.testcases.HomePageTest" name="verifyImageLogoTest" time="43.772"/>
  <system-out/>
  <testcase classname="com.younited.qa.testcases.HomePageTest" name="myAssignmentsPage" time="49.267"/>
  <system-out/>
</testsuite> <!-- com.younited.qa.testcases.HomePageTest -->
