<?xml version="1.0" encoding="UTF-8"?>
<!-- Generated by org.testng.reporters.JUnitReportReporter -->
<testsuite hostname="NO-002-QA" failures="0" tests="1" name="com.younited.qa.testcases.UlogoProfilestatisticsPageTest" time="79.086" errors="0" timestamp="2024-01-29T13:59:31 IST" skipped="0">
  <testcase classname="com.younited.qa.testcases.UlogoProfilestatisticsPageTest" name="UlogoProfilestatisticsPage" time="79.086"/>
  <system-out/>
</testsuite> <!-- com.younited.qa.testcases.UlogoProfilestatisticsPageTest -->
