<?xml version="1.0" encoding="UTF-8"?>
<!-- Generated by org.testng.reporters.JUnitReportReporter -->
<testsuite hostname="NO-002-QA" failures="0" tests="1" name="com.younited.qa.testcases.UlogoDasGroupsPageTest" time="69.675" errors="0" timestamp="2024-06-07T14:19:17 IST" skipped="0">
  <testcase classname="com.younited.qa.testcases.UlogoDasGroupsPageTest" name="UlogoDasGroupPage" time="69.675"/>
  <system-out/>
</testsuite> <!-- com.younited.qa.testcases.UlogoDasGroupsPageTest -->
