<?xml version="1.0" encoding="UTF-8"?>
<!-- Generated by org.testng.reporters.JUnitReportReporter -->
<testsuite hostname="NO-002-QA" failures="0" tests="1" name="com.younited.qa.testcases.UlogoNativeAssignmentsPageTest" time="170.544" errors="0" timestamp="2024-08-30T15:39:08 IST" skipped="0">
  <testcase classname="com.younited.qa.testcases.UlogoNativeAssignmentsPageTest" name="UlogoNativeAssignmentsPage" time="170.544"/>
  <system-out/>
</testsuite> <!-- com.younited.qa.testcases.UlogoNativeAssignmentsPageTest -->
