<?xml version="1.0" encoding="UTF-8"?>
<!-- Generated by org.testng.reporters.JUnitReportReporter -->
<testsuite hostname="NO-002-QA" failures="0" tests="1" name="com.younited.qa.testcases.UlogoStoreProductAddPageTest" time="64.989" errors="0" timestamp="2024-11-19T12:23:23 IST" skipped="0">
  <testcase classname="com.younited.qa.testcases.UlogoStoreProductAddPageTest" name="test" time="64.989"/>
  <system-out/>
</testsuite> <!-- com.younited.qa.testcases.UlogoStoreProductAddPageTest -->
