<?xml version="1.0" encoding="UTF-8"?>
<!-- Generated by org.testng.reporters.JUnitReportReporter -->
<testsuite hostname="NO-002-QA" failures="0" tests="1" name="com.younited.qa.testcases.UlogoAllassignmentsPageTest" time="123.316" errors="0" timestamp="2024-08-07T17:07:13 IST" skipped="0">
  <testcase classname="com.younited.qa.testcases.UlogoAllassignmentsPageTest" name="UlogoAllassignmentsPage" time="123.316"/>
  <system-out/>
</testsuite> <!-- com.younited.qa.testcases.UlogoAllassignmentsPageTest -->
