<?xml version="1.0" encoding="UTF-8"?>
<!-- Generated by org.testng.reporters.JUnitReportReporter -->
<testsuite hostname="NO-002-QA" failures="0" tests="3" name="com.younited.qa.testcases.LoginPageTest" time="101.955" errors="0" timestamp="2024-12-13T19:07:11 IST" skipped="0">
  <testcase classname="com.younited.qa.testcases.LoginPageTest" name="loginPageTitleTest" time="12.594"/>
  <system-out/>
  <testcase classname="com.younited.qa.testcases.LoginPageTest" name="imageLogoTest" time="12.427"/>
  <system-out/>
  <testcase classname="com.younited.qa.testcases.LoginPageTest" name="loginTest" time="76.934"/>
  <system-out/>
</testsuite> <!-- com.younited.qa.testcases.LoginPageTest -->
