<?xml version="1.0" encoding="UTF-8"?>
<!-- Generated by org.testng.reporters.JUnitReportReporter -->
<testsuite hostname="NO-002-QA" failures="0" tests="1" name="com.younited.qa.testcases.BusinessesPageFreeTest" time="129.019" errors="0" timestamp="2024-01-08T18:43:41 IST" skipped="0">
  <testcase classname="com.younited.qa.testcases.BusinessesPageFreeTest" name="businessesPageFree" time="129.019"/>
  <system-out/>
</testsuite> <!-- com.younited.qa.testcases.BusinessesPageFreeTest -->
