<?xml version="1.0" encoding="UTF-8"?>
<!-- Generated by org.testng.reporters.JUnitReportReporter -->
<testsuite hostname="NO-002-QA" failures="0" tests="1" name="com.younited.qa.testcases.CommunityPageFreeTest" time="37.832" errors="0" timestamp="2024-06-10T15:15:28 IST" skipped="0">
  <testcase classname="com.younited.qa.testcases.CommunityPageFreeTest" name="communityPageFreeTest" time="37.832"/>
  <system-out/>
</testsuite> <!-- com.younited.qa.testcases.CommunityPageFreeTest -->
