<?xml version="1.0" encoding="UTF-8"?>
<!-- Generated by org.testng.reporters.JUnitReportReporter -->
<testsuite hostname="NO-002-QA" failures="0" tests="1" name="com.younited.qa.testcases.MyAssignmentsPageTest" time="108.881" errors="0" timestamp="2024-05-13T15:24:06 IST" skipped="0">
  <testcase classname="com.younited.qa.testcases.MyAssignmentsPageTest" name="myAssignmentsPageTest" time="108.881"/>
  <system-out/>
</testsuite> <!-- com.younited.qa.testcases.MyAssignmentsPageTest -->
