<?xml version="1.0" encoding="UTF-8"?>
<!-- Generated by org.testng.reporters.JUnitReportReporter -->
<testsuite hostname="NO-002-QA" failures="0" tests="1" name="com.younited.qa.testcases.UlogoAddIntermediaryPageTest" time="163.371" errors="0" timestamp="2024-11-19T12:55:22 IST" skipped="0">
  <testcase classname="com.younited.qa.testcases.UlogoAddIntermediaryPageTest" name="test" time="163.371"/>
  <system-out/>
</testsuite> <!-- com.younited.qa.testcases.UlogoAddIntermediaryPageTest -->
