<?xml version="1.0" encoding="UTF-8"?>
<!-- Generated by org.testng.reporters.JUnitReportReporter -->
<testsuite hostname="NO-002-QA" failures="0" tests="1" name="com.younited.qa.testcases.UlogoMyreactionsPageTest" time="68.187" errors="0" timestamp="2024-08-21T19:11:46 IST" skipped="0">
  <testcase classname="com.younited.qa.testcases.UlogoMyreactionsPageTest" name="uLogoMyreactionsPageTest" time="68.187"/>
  <system-out/>
</testsuite> <!-- com.younited.qa.testcases.UlogoMyreactionsPageTest -->
