<?xml version="1.0" encoding="UTF-8"?>
<!-- Generated by org.testng.reporters.JUnitReportReporter -->
<testsuite hostname="NO-002-QA" failures="0" tests="1" name="com.younited.qa.testcases.UlogoMynotificationsPageTest" time="39.636" errors="0" timestamp="2024-05-07T17:17:04 IST" skipped="0">
  <testcase classname="com.younited.qa.testcases.UlogoMynotificationsPageTest" name="myNotificationsPage" time="39.636"/>
  <system-out/>
</testsuite> <!-- com.younited.qa.testcases.UlogoMynotificationsPageTest -->
