<?xml version="1.0" encoding="UTF-8"?>
<!-- Generated by org.testng.reporters.JUnitReportReporter -->
<testsuite hostname="NO-002-QA" failures="0" tests="1" name="com.younited.qa.testcases.UlogoMyprofilePageTest" time="172.493" errors="0" timestamp="2024-07-30T18:45:12 IST" skipped="0">
  <testcase classname="com.younited.qa.testcases.UlogoMyprofilePageTest" name="UlogoMyProfilePage" time="172.493"/>
  <system-out/>
</testsuite> <!-- com.younited.qa.testcases.UlogoMyprofilePageTest -->
