<?xml version="1.0" encoding="UTF-8"?>
<!-- Generated by org.testng.reporters.JUnitReportReporter -->
<testsuite hostname="NO-002-QA" failures="0" tests="1" name="com.younited.qa.testcases.UlogoIntAddNewUserPageTest" time="147.122" errors="0" timestamp="2025-01-01T14:02:56 IST" skipped="0">
  <testcase classname="com.younited.qa.testcases.UlogoIntAddNewUserPageTest" name="test" time="147.122"/>
  <system-out/>
</testsuite> <!-- com.younited.qa.testcases.UlogoIntAddNewUserPageTest -->
