<?xml version="1.0" encoding="UTF-8"?>
<!-- Generated by org.testng.reporters.JUnitReportReporter -->
<testsuite hostname="NO-002-QA" failures="0" tests="1" name="com.younited.qa.testcases.UlogoAddIntermediaryPageTest" time="175.497" errors="0" timestamp="2024-12-16T18:23:14 IST" skipped="0">
  <testcase classname="com.younited.qa.testcases.UlogoAddIntermediaryPageTest" name="test" time="175.497"/>
  <system-out/>
</testsuite> <!-- com.younited.qa.testcases.UlogoAddIntermediaryPageTest -->
