<?xml version="1.0" encoding="UTF-8"?>
<!-- Generated by org.testng.reporters.JUnitReportReporter -->
<testsuite hostname="NO-002-QA" failures="0" tests="1" name="com.younited.qa.testcases.EntrepreneursPageFreeTest" time="148.069" errors="0" timestamp="2024-08-02T15:38:51 IST" skipped="0">
  <testcase classname="com.younited.qa.testcases.EntrepreneursPageFreeTest" name="entrepreneurPageFilter" time="148.069"/>
  <system-out/>
</testsuite> <!-- com.younited.qa.testcases.EntrepreneursPageFreeTest -->
