<?xml version="1.0" encoding="UTF-8"?>
<!-- Generated by org.testng.reporters.JUnitReportReporter -->
<testsuite hostname="NO-002-QA" failures="0" tests="1" name="com.younited.qa.testcases.AddCommandPageTest" time="79.490" errors="0" timestamp="2024-02-02T15:27:09 IST" skipped="0">
  <testcase classname="com.younited.qa.testcases.AddCommandPageTest" name="uploadFileTest" time="79.490"/>
  <system-out/>
</testsuite> <!-- com.younited.qa.testcases.AddCommandPageTest -->
