<?xml version="1.0" encoding="UTF-8"?>
<!-- Generated by org.testng.reporters.JUnitReportReporter -->
<testsuite hostname="NO-002-QA" failures="0" tests="1" name="com.younited.qa.testcases.UlogoMyassignmentsPageTest" time="114.757" errors="0" timestamp="2023-12-13T16:02:54 IST" skipped="0">
  <testcase classname="com.younited.qa.testcases.UlogoMyassignmentsPageTest" name="UlogoMyassignmentsPage" time="114.757"/>
  <system-out/>
</testsuite> <!-- com.younited.qa.testcases.UlogoMyassignmentsPageTest -->
