<?xml version="1.0" encoding="UTF-8"?>
<!-- Generated by org.testng.reporters.JUnitReportReporter -->
<testsuite hostname="NO-002-QA" failures="0" tests="1" name="com.younited.qa.testcases.CommunityPageAdminTest" time="146.994" errors="0" timestamp="2024-04-15T16:07:48 IST" skipped="0">
  <testcase classname="com.younited.qa.testcases.CommunityPageAdminTest" name="community" time="146.994"/>
  <system-out/>
</testsuite> <!-- com.younited.qa.testcases.CommunityPageAdminTest -->
