<?xml version="1.0" encoding="UTF-8"?>
<!-- Generated by org.testng.reporters.JUnitReportReporter -->
<testsuite hostname="NO-002-QA" failures="0" tests="1" name="com.younited.qa.testcases.UlogoAllassignmentsPageTest" time="115.638" errors="0" timestamp="2024-06-27T19:47:13 IST" skipped="0">
  <testcase classname="com.younited.qa.testcases.UlogoAllassignmentsPageTest" name="UlogoAllassignmentsPage" time="115.638"/>
  <system-out/>
</testsuite> <!-- com.younited.qa.testcases.UlogoAllassignmentsPageTest -->
