<?xml version="1.0" encoding="UTF-8"?>
<!-- Generated by org.testng.reporters.JUnitReportReporter -->
<testsuite hostname="NO-002-QA" failures="0" tests="1" name="com.younited.qa.testcases.MyAssignmentsPageTest" time="114.154" errors="0" timestamp="2023-12-18T16:42:33 IST" skipped="0">
  <testcase classname="com.younited.qa.testcases.MyAssignmentsPageTest" name="myAssignmentsPageTest" time="114.154"/>
  <system-out/>
</testsuite> <!-- com.younited.qa.testcases.MyAssignmentsPageTest -->
