<?xml version="1.0" encoding="UTF-8"?>
<!-- Generated by org.testng.reporters.JUnitReportReporter -->
<testsuite hostname="NO-002-QA" failures="0" tests="1" name="com.younited.qa.testcases.UlogoMynotificationsPageTest" time="56.034" errors="0" timestamp="2024-05-28T12:13:18 IST" skipped="0">
  <testcase classname="com.younited.qa.testcases.UlogoMynotificationsPageTest" name="myNotificationsPage" time="56.034"/>
  <system-out/>
</testsuite> <!-- com.younited.qa.testcases.UlogoMynotificationsPageTest -->
