<?xml version="1.0" encoding="UTF-8"?>
<!-- Generated by org.testng.reporters.JUnitReportReporter -->
<testsuite hostname="NO-002-QA" failures="0" tests="1" name="com.younited.qa.testcases.UlogoMynotificationsPageTest" time="53.105" errors="0" timestamp="2024-06-03T15:04:16 IST" skipped="0">
  <testcase classname="com.younited.qa.testcases.UlogoMynotificationsPageTest" name="myNotificationsPage" time="53.105"/>
  <system-out/>
</testsuite> <!-- com.younited.qa.testcases.UlogoMynotificationsPageTest -->
