<?xml version="1.0" encoding="UTF-8"?>
<!-- Generated by org.testng.reporters.JUnitReportReporter -->
<testsuite hostname="NO-002-QA" failures="0" tests="1" name="com.younited.qa.testcases.UlogoMynotificationsPageTest" time="106.336" errors="0" timestamp="2025-01-17T14:28:33 IST" skipped="0">
  <testcase classname="com.younited.qa.testcases.UlogoMynotificationsPageTest" name="myNotificationsPage" time="106.336"/>
  <system-out/>
</testsuite> <!-- com.younited.qa.testcases.UlogoMynotificationsPageTest -->
