<?xml version="1.0" encoding="UTF-8"?>
<!-- Generated by org.testng.reporters.JUnitReportReporter -->
<testsuite hostname="NO-002-QA" failures="0" tests="1" name="com.younited.qa.testcases.CommunityPageFreeTest" time="24.799" errors="0" timestamp="2024-04-03T18:24:01 IST" skipped="0">
  <testcase classname="com.younited.qa.testcases.CommunityPageFreeTest" name="communityPageFreeTest" time="24.799"/>
  <system-out/>
</testsuite> <!-- com.younited.qa.testcases.CommunityPageFreeTest -->
