<?xml version="1.0" encoding="UTF-8"?>
<!-- Generated by org.testng.reporters.JUnitReportReporter -->
<testsuite hostname="NO-002-QA" failures="0" tests="1" name="com.younited.qa.testcases.AssignmentsPageAdminTest" time="291.034" errors="0" timestamp="2023-10-23T16:23:04 IST" skipped="0">
  <testcase classname="com.younited.qa.testcases.AssignmentsPageAdminTest" name="assignmentsPage" time="291.034"/>
  <system-out/>
</testsuite> <!-- com.younited.qa.testcases.AssignmentsPageAdminTest -->
