<?xml version="1.0" encoding="UTF-8"?>
<!-- Generated by org.testng.reporters.JUnitReportReporter -->
<testsuite hostname="NO-002-QA" failures="0" tests="1" name="com.younited.qa.testcases.EntrepreneursPageFreeTest" time="161.026" errors="0" timestamp="2024-07-02T14:58:03 IST" skipped="0">
  <testcase classname="com.younited.qa.testcases.EntrepreneursPageFreeTest" name="entrepreneurPageFilter" time="161.026"/>
  <system-out/>
</testsuite> <!-- com.younited.qa.testcases.EntrepreneursPageFreeTest -->
