<?xml version="1.0" encoding="UTF-8"?>
<!-- Generated by org.testng.reporters.JUnitReportReporter -->
<testsuite hostname="NO-002-QA" failures="0" tests="1" name="com.younited.qa.testcases.UlogoUsermanagementPageTest" time="209.578" errors="0" timestamp="2024-01-29T15:53:58 IST" skipped="0">
  <testcase classname="com.younited.qa.testcases.UlogoUsermanagementPageTest" name="uLogoUsermanagementPageTest" time="209.578"/>
  <system-out/>
</testsuite> <!-- com.younited.qa.testcases.UlogoUsermanagementPageTest -->
