<?xml version="1.0" encoding="UTF-8"?>
<!-- Generated by org.testng.reporters.JUnitReportReporter -->
<testsuite hostname="NO-002-QA" failures="0" tests="1" name="com.younited.qa.testcases.ManageProfilePageFreeTest" time="284.982" errors="0" timestamp="2024-04-21T12:54:25 IST" skipped="0">
  <testcase classname="com.younited.qa.testcases.ManageProfilePageFreeTest" name="test" time="284.982"/>
  <system-out/>
</testsuite> <!-- com.younited.qa.testcases.ManageProfilePageFreeTest -->
