<?xml version="1.0" encoding="UTF-8"?>
<!-- Generated by org.testng.reporters.JUnitReportReporter -->
<testsuite hostname="NO-002-QA" failures="0" tests="1" name="com.younited.qa.testcases.UlogoChatPageTest" time="36.091" errors="0" timestamp="2024-04-03T19:06:19 IST" skipped="0">
  <testcase classname="com.younited.qa.testcases.UlogoChatPageTest" name="chatPage" time="36.091"/>
  <system-out/>
</testsuite> <!-- com.younited.qa.testcases.UlogoChatPageTest -->
