<?xml version="1.0" encoding="UTF-8"?>
<!-- Generated by org.testng.reporters.JUnitReportReporter -->
<testsuite hostname="NO-002-QA" failures="0" tests="3" name="com.younited.qa.testcases.LoginPageTest" time="54.165" errors="0" timestamp="2024-05-28T17:44:33 IST" skipped="0">
  <testcase classname="com.younited.qa.testcases.LoginPageTest" name="loginPageTitleTest" time="13.821"/>
  <system-out/>
  <testcase classname="com.younited.qa.testcases.LoginPageTest" name="imageLogoTest" time="14.427"/>
  <system-out/>
  <testcase classname="com.younited.qa.testcases.LoginPageTest" name="loginTest" time="25.917"/>
  <system-out/>
</testsuite> <!-- com.younited.qa.testcases.LoginPageTest -->
