<?xml version="1.0" encoding="UTF-8"?>
<!-- Generated by org.testng.reporters.JUnitReportReporter -->
<testsuite hostname="NO-002-QA" failures="0" tests="1" name="com.younited.qa.testcases.UlogoMyprofilePageTest" time="166.654" errors="0" timestamp="2024-05-28T16:14:43 IST" skipped="0">
  <testcase classname="com.younited.qa.testcases.UlogoMyprofilePageTest" name="UlogoMyProfilePage" time="166.654"/>
  <system-out/>
</testsuite> <!-- com.younited.qa.testcases.UlogoMyprofilePageTest -->
