<?xml version="1.0" encoding="UTF-8"?>
<!-- Generated by org.testng.reporters.JUnitReportReporter -->
<testsuite hostname="NO-002-QA" failures="0" tests="1" name="com.younited.qa.testcases.CheckCommandPageTest" time="92.280" errors="0" timestamp="2024-06-10T15:09:14 IST" skipped="0">
  <testcase classname="com.younited.qa.testcases.CheckCommandPageTest" name="checkCommandPageTest" time="92.280"/>
  <system-out/>
</testsuite> <!-- com.younited.qa.testcases.CheckCommandPageTest -->
