<?xml version="1.0" encoding="UTF-8"?>
<!-- Generated by org.testng.reporters.JUnitReportReporter -->
<testsuite hostname="NO-002-QA" failures="0" tests="1" name="com.younited.qa.testcases.UlogoDeleteRequestsPageTest" time="64.831" errors="0" timestamp="2024-07-10T17:50:16 IST" skipped="0">
  <testcase classname="com.younited.qa.testcases.UlogoDeleteRequestsPageTest" name="test" time="64.831"/>
  <system-out/>
</testsuite> <!-- com.younited.qa.testcases.UlogoDeleteRequestsPageTest -->
