<?xml version="1.0" encoding="UTF-8"?>
<!-- Generated by org.testng.reporters.JUnitReportReporter -->
<testsuite hostname="NO-002-QA" failures="0" tests="1" name="com.younited.qa.testcases.BusinessesPageFreeTest" time="96.654" errors="0" timestamp="2024-11-26T20:16:21 IST" skipped="0">
  <testcase classname="com.younited.qa.testcases.BusinessesPageFreeTest" name="businessesPageFree" time="96.654"/>
  <system-out/>
</testsuite> <!-- com.younited.qa.testcases.BusinessesPageFreeTest -->
