<?xml version="1.0" encoding="UTF-8"?>
<!-- Generated by org.testng.reporters.JUnitReportReporter -->
<testsuite hostname="NO-002-QA" failures="0" tests="1" name="com.younited.qa.testcases.UlogoUsermanagementPageTest" time="151.895" errors="0" timestamp="2024-12-09T15:23:19 IST" skipped="0">
  <testcase classname="com.younited.qa.testcases.UlogoUsermanagementPageTest" name="uLogoUsermanagementPageTest" time="151.895"/>
  <system-out/>
</testsuite> <!-- com.younited.qa.testcases.UlogoUsermanagementPageTest -->
