<?xml version="1.0" encoding="UTF-8"?>
<!-- Generated by org.testng.reporters.JUnitReportReporter -->
<testsuite hostname="NO-002-QA" failures="0" tests="1" name="com.younited.qa.testcases.MatchPageTest" time="111.226" errors="0" timestamp="2024-07-08T16:35:01 IST" skipped="0">
  <testcase classname="com.younited.qa.testcases.MatchPageTest" name="matchPage" time="111.226"/>
  <system-out/>
</testsuite> <!-- com.younited.qa.testcases.MatchPageTest -->
