<?xml version="1.0" encoding="UTF-8"?>
<!-- Generated by org.testng.reporters.JUnitReportReporter -->
<testsuite hostname="NO-002-QA" failures="0" tests="1" name="com.younited.qa.testcases.UlogoAllcompaniesPageTest" time="200.633" errors="0" timestamp="2024-02-22T15:46:53 IST" skipped="0">
  <testcase classname="com.younited.qa.testcases.UlogoAllcompaniesPageTest" name="UlogoAllcompaniesPage" time="200.633"/>
  <system-out/>
</testsuite> <!-- com.younited.qa.testcases.UlogoAllcompaniesPageTest -->
