<?xml version="1.0" encoding="UTF-8"?>
<!-- Generated by org.testng.reporters.JUnitReportReporter -->
<testsuite hostname="NO-002-QA" failures="0" tests="1" name="com.younited.qa.testcases.UlogoDasAssignmentsPageTest" time="153.760" errors="0" timestamp="2023-12-22T14:16:30 IST" skipped="0">
  <testcase classname="com.younited.qa.testcases.UlogoDasAssignmentsPageTest" name="UlogoDasAssignmentsPage" time="153.760"/>
  <system-out/>
</testsuite> <!-- com.younited.qa.testcases.UlogoDasAssignmentsPageTest -->
