<?xml version="1.0" encoding="UTF-8"?>
<!-- Generated by org.testng.reporters.JUnitReportReporter -->
<testsuite hostname="NO-002-QA" failures="0" tests="1" name="com.younited.qa.testcases.UlogoNativeAssignmentsPageTest" time="55.808" errors="0" timestamp="2024-01-19T18:49:37 IST" skipped="0">
  <testcase classname="com.younited.qa.testcases.UlogoNativeAssignmentsPageTest" name="UlogoNativeAssignmentsPage" time="55.808"/>
  <system-out/>
</testsuite> <!-- com.younited.qa.testcases.UlogoNativeAssignmentsPageTest -->
