<?xml version="1.0" encoding="UTF-8"?>
<!-- Generated by org.testng.reporters.JUnitReportReporter -->
<testsuite hostname="NO-002-QA" failures="0" tests="1" name="com.younited.qa.testcases.UlogoAddIntermediaryPageTest" time="129.042" errors="0" timestamp="2024-09-17T20:58:46 IST" skipped="0">
  <testcase classname="com.younited.qa.testcases.UlogoAddIntermediaryPageTest" name="test" time="129.042"/>
  <system-out/>
</testsuite> <!-- com.younited.qa.testcases.UlogoAddIntermediaryPageTest -->
