<?xml version="1.0" encoding="UTF-8"?>
<!-- Generated by org.testng.reporters.JUnitReportReporter -->
<testsuite hostname="NO-002-QA" failures="0" tests="3" name="com.younited.qa.testcases.LoginPageTest" time="26.491" errors="0" timestamp="2023-11-27T12:28:51 IST" skipped="0">
  <testcase classname="com.younited.qa.testcases.LoginPageTest" name="loginPageTitleTest" time="6.169"/>
  <system-out/>
  <testcase classname="com.younited.qa.testcases.LoginPageTest" name="imageLogoTest" time="6.217"/>
  <system-out/>
  <testcase classname="com.younited.qa.testcases.LoginPageTest" name="loginTest" time="14.105"/>
  <system-out/>
</testsuite> <!-- com.younited.qa.testcases.LoginPageTest -->
