<?xml version="1.0" encoding="UTF-8"?>
<!-- Generated by org.testng.reporters.JUnitReportReporter -->
<testsuite hostname="NO-002-QA" failures="0" tests="1" name="com.younited.qa.testcases.UlogoMyreactionsPageTest" time="77.460" errors="0" timestamp="2024-08-21T17:37:06 IST" skipped="0">
  <testcase classname="com.younited.qa.testcases.UlogoMyreactionsPageTest" name="uLogoMyreactionsPageTest" time="77.460"/>
  <system-out/>
</testsuite> <!-- com.younited.qa.testcases.UlogoMyreactionsPageTest -->
