<?xml version="1.0" encoding="UTF-8"?>
<!-- Generated by org.testng.reporters.JUnitReportReporter -->
<testsuite hostname="NO-002-QA" failures="0" tests="1" name="com.younited.qa.testcases.StorePageFreeTest" time="160.182" errors="0" timestamp="2024-06-27T19:43:32 IST" skipped="0">
  <testcase classname="com.younited.qa.testcases.StorePageFreeTest" name="clickStoreTab" time="160.182"/>
  <system-out/>
</testsuite> <!-- com.younited.qa.testcases.StorePageFreeTest -->
